TN:
SF:src/components/Camera/Camera.style.js
FNF:0
FNH:0
DA:4,1
LF:1
LH:1
BRF:0
BRH:0
end_of_record
TN:
SF:src/components/Camera/CameraFooter.js
FN:12,(anonymous_0)
FNF:1
FNH:1
FNDA:3,(anonymous_0)
DA:12,1
DA:13,3
LF:2
LH:2
BRF:0
BRH:0
end_of_record
TN:
SF:src/components/Camera/CameraHeader.js
FN:5,(anonymous_0)
FNF:1
FNH:1
FNDA:1,(anonymous_0)
DA:5,1
DA:6,1
LF:2
LH:2
BRF:0
BRH:0
end_of_record
TN:
SF:src/components/FilterMenu/FilterMenu.js
FN:28,(anonymous_0)
FN:38,(anonymous_1)
FN:53,(anonymous_2)
FNF:3
FNH:3
FNDA:7,(anonymous_0)
FNDA:1,(anonymous_1)
FNDA:1,(anonymous_2)
DA:28,1
DA:30,7
DA:38,7
DA:40,1
DA:41,1
DA:45,7
DA:53,7
DA:55,1
DA:56,1
DA:59,7
LF:10
LH:10
BRF:0
BRH:0
end_of_record
TN:
SF:src/components/FilterMenu/FilterMenu.style.js
FNF:0
FNH:0
DA:4,1
LF:1
LH:1
BRDA:12,0,0,0
BRDA:12,0,1,1
BRDA:19,1,0,0
BRDA:19,1,1,1
BRDA:20,2,0,0
BRDA:20,2,1,1
BRF:6
BRH:3
end_of_record
TN:
SF:src/components/FilterMenu/Option/ColorChoices.js
FN:13,(anonymous_0)
FNF:1
FNH:1
FNDA:7,(anonymous_0)
DA:13,1
DA:14,7
LF:2
LH:2
BRF:0
BRH:0
end_of_record
TN:
SF:src/components/FilterMenu/Option/ColorOption.js
FN:14,(anonymous_0)
FNF:1
FNH:1
FNDA:70,(anonymous_0)
DA:14,1
DA:15,70
LF:2
LH:2
BRF:0
BRH:0
end_of_record
TN:
SF:src/components/FilterMenu/Option/Option.js
FN:17,(anonymous_0)
FN:25,(anonymous_1)
FN:41,(anonymous_2)
FNF:3
FNH:3
FNDA:142,(anonymous_0)
FNDA:120,(anonymous_1)
FNDA:2,(anonymous_2)
DA:17,1
DA:19,142
DA:25,142
DA:29,120
DA:30,2
DA:32,118
DA:41,142
DA:45,2
DA:46,2
DA:52,0
DA:55,142
DA:73,1
LF:12
LH:11
BRDA:29,0,0,2
BRDA:29,0,1,118
BRDA:45,1,0,2
BRDA:45,1,1,0
BRDA:45,2,0,2
BRDA:45,2,1,0
BRF:6
BRH:4
end_of_record
TN:
SF:src/components/FilterMenu/Option/TypeChoices.js
FN:13,(anonymous_0)
FNF:1
FNH:1
FNDA:7,(anonymous_0)
DA:13,1
DA:14,7
LF:2
LH:2
BRF:0
BRH:0
end_of_record
TN:
SF:src/components/FilterMenu/Option/TypeOption.js
FN:14,(anonymous_0)
FNF:1
FNH:1
FNDA:70,(anonymous_0)
DA:14,1
DA:15,70
LF:2
LH:2
BRF:0
BRH:0
end_of_record
TN:
SF:src/components/Grid/Grid.js
FN:25,(anonymous_0)
FN:29,(anonymous_1)
FN:34,(anonymous_2)
FN:43,(anonymous_3)
FNF:4
FNH:2
FNDA:2,(anonymous_0)
FNDA:0,(anonymous_1)
FNDA:0,(anonymous_2)
FNDA:4,(anonymous_3)
DA:25,1
DA:26,2
DA:27,2
DA:29,2
DA:30,0
DA:31,0
DA:34,2
DA:38,0
DA:40,0
DA:43,2
DA:44,4
DA:57,2
LF:12
LH:8
BRF:0
BRH:0
end_of_record
TN:
SF:src/components/Grid/Grid.style.js
FNF:0
FNH:0
DA:4,1
LF:1
LH:1
BRF:0
BRH:0
end_of_record
TN:
SF:src/components/Header/Header.js
FN:24,(anonymous_0)
FNF:1
FNH:1
FNDA:2,(anonymous_0)
DA:24,1
DA:25,2
LF:2
LH:2
BRF:0
BRH:0
end_of_record
TN:
SF:src/components/Header/Header.style.js
FNF:0
FNH:0
DA:4,1
DA:6,1
DA:35,1
DA:42,1
LF:4
LH:4
BRF:0
BRH:0
end_of_record
TN:
SF:src/components/SavePhotoMenu/ColorTagMenu.js
FN:32,(anonymous_0)
FN:42,(anonymous_1)
FN:84,(anonymous_2)
FNF:3
FNH:1
FNDA:3,(anonymous_0)
FNDA:0,(anonymous_1)
FNDA:0,(anonymous_2)
DA:13,1
DA:32,1
DA:34,3
DA:42,3
DA:43,0
DA:45,0
DA:46,0
DA:48,0
DA:49,0
DA:51,0
DA:52,0
DA:54,0
DA:55,0
DA:57,0
DA:58,0
DA:60,0
DA:61,0
DA:63,0
DA:64,0
DA:66,0
DA:67,0
DA:69,0
DA:70,0
DA:72,0
DA:73,0
DA:75,0
DA:76,0
DA:84,3
DA:85,0
DA:86,0
DA:89,3
LF:31
LH:6
BRDA:43,0,0,0
BRDA:43,0,1,0
BRDA:43,0,2,0
BRDA:43,0,3,0
BRDA:43,0,4,0
BRDA:43,0,5,0
BRDA:43,0,6,0
BRDA:43,0,7,0
BRDA:43,0,8,0
BRDA:43,0,9,0
BRDA:43,0,10,0
BRF:11
BRH:0
end_of_record
TN:
SF:src/components/SavePhotoMenu/SavePhotoMenu.js
FN:22,(anonymous_0)
FNF:1
FNH:1
FNDA:3,(anonymous_0)
DA:22,1
DA:24,3
DA:26,3
DA:28,3
LF:4
LH:4
BRF:0
BRH:0
end_of_record
TN:
SF:src/components/SavePhotoMenu/SavePhotoMenu.style.js
FNF:0
FNH:0
DA:5,1
LF:1
LH:1
BRF:0
BRH:0
end_of_record
TN:
SF:src/components/SavePhotoMenu/TagMenu.style.js
FNF:0
FNH:0
DA:3,1
LF:1
LH:1
BRF:0
BRH:0
end_of_record
TN:
SF:src/components/SavePhotoMenu/TypeTagMenu.js
FN:32,(anonymous_0)
FN:42,(anonymous_1)
FN:84,(anonymous_2)
FNF:3
FNH:1
FNDA:3,(anonymous_0)
FNDA:0,(anonymous_1)
FNDA:0,(anonymous_2)
DA:13,1
DA:32,1
DA:34,3
DA:42,3
DA:43,0
DA:45,0
DA:46,0
DA:48,0
DA:49,0
DA:51,0
DA:52,0
DA:54,0
DA:55,0
DA:57,0
DA:58,0
DA:60,0
DA:61,0
DA:63,0
DA:64,0
DA:66,0
DA:67,0
DA:69,0
DA:70,0
DA:72,0
DA:73,0
DA:75,0
DA:76,0
DA:84,3
DA:85,0
DA:86,0
DA:89,3
LF:31
LH:6
BRDA:43,0,0,0
BRDA:43,0,1,0
BRDA:43,0,2,0
BRDA:43,0,3,0
BRDA:43,0,4,0
BRDA:43,0,5,0
BRDA:43,0,6,0
BRDA:43,0,7,0
BRDA:43,0,8,0
BRDA:43,0,9,0
BRDA:43,0,10,0
BRF:11
BRH:0
end_of_record
TN:
SF:src/styles/common.style.js
FNF:0
FNH:0
LF:0
LH:0
BRF:0
BRH:0
end_of_record
TN:
SF:src/styles/theme.style.js
FNF:0
FNH:0
LF:0
LH:0
BRF:0
BRH:0
end_of_record
TN:
SF:src/util/ClosetContext.js
FN:3,(anonymous_0)
FNF:1
FNH:0
FNDA:0,(anonymous_0)
DA:3,1
LF:1
LH:1
BRF:0
BRH:0
end_of_record
TN:
SF:src/util/FilterContext.js
FN:5,(anonymous_0)
FN:7,(anonymous_1)
FNF:2
FNH:0
FNDA:0,(anonymous_0)
FNDA:0,(anonymous_1)
DA:3,2
LF:1
LH:1
BRF:0
BRH:0
end_of_record
TN:
SF:src/util/addClothingItem.js
FN:6,(anonymous_0)
FNF:1
FNH:1
FNDA:2,(anonymous_0)
DA:6,1
DA:7,2
DA:12,2
DA:13,0
DA:16,2
DA:18,2
LF:6
LH:5
BRDA:12,0,0,0
BRDA:12,0,1,2
BRF:2
BRH:1
end_of_record
TN:
SF:src/util/colorKey.js
FNF:0
FNH:0
LF:0
LH:0
BRF:0
BRH:0
end_of_record
TN:
SF:src/util/deleteClothingItem.js
FN:6,(anonymous_0)
FN:32,(anonymous_1)
FNF:2
FNH:2
FNDA:3,(anonymous_0)
FNDA:3,(anonymous_1)
DA:6,1
DA:7,3
DA:8,3
DA:9,3
DA:10,3
DA:11,3
DA:12,9
DA:13,6
DA:15,3
DA:17,9
DA:21,3
DA:22,6
DA:23,6
DA:25,3
DA:32,1
DA:34,3
DA:35,3
LF:17
LH:17
BRDA:11,0,0,12
BRDA:11,0,1,9
BRDA:12,1,0,6
BRDA:12,1,1,3
BRF:4
BRH:4
end_of_record
TN:
SF:src/util/filterCloset.js
FN:8,(anonymous_0)
FN:20,(anonymous_1)
FN:24,(anonymous_2)
FN:28,(anonymous_3)
FN:29,(anonymous_4)
FNF:5
FNH:5
FNDA:7,(anonymous_0)
FNDA:5,(anonymous_1)
FNDA:5,(anonymous_2)
FNDA:5,(anonymous_3)
FNDA:4,(anonymous_4)
DA:8,2
DA:10,7
DA:12,0
DA:15,7
DA:16,3
DA:19,4
DA:20,5
DA:23,2
DA:24,5
DA:27,1
DA:28,5
DA:29,4
DA:30,1
LF:13
LH:12
BRDA:10,0,0,0
BRDA:10,0,1,7
BRDA:15,1,0,3
BRDA:15,1,1,4
BRDA:15,2,0,7
BRDA:15,2,1,4
BRDA:19,3,0,2
BRDA:19,3,1,2
BRDA:19,4,0,4
BRDA:19,4,1,3
BRDA:23,5,0,1
BRDA:23,5,1,1
BRDA:23,6,0,2
BRDA:23,6,1,1
BRDA:27,7,0,1
BRDA:27,7,1,0
BRDA:27,8,0,1
BRDA:27,8,1,1
BRF:18
BRH:16
end_of_record
TN:
SF:src/util/makeClothingItem.js
FN:10,(anonymous_0)
FNF:1
FNH:1
FNDA:1,(anonymous_0)
DA:10,1
DA:11,1
DA:12,1
DA:18,1
LF:4
LH:4
BRF:0
BRH:0
end_of_record
TN:
SF:src/util/typeKey.js
FNF:0
FNH:0
LF:0
LH:0
BRF:0
BRH:0
end_of_record
